This is pdfTeX, Version 3.141592653-2.6-1.40.27 (TeX Live 2025) (preloaded format=pdflatex 2025.3.14)  8 APR 2025 16:17
entering extended mode
 restricted \write18 enabled.
 file:line:error style messages enabled.
 %&-line parsing enabled.
**/Users/sdheerajkumar/Desktop/thesis/template/thesis
(/Users/sdheerajkumar/Desktop/thesis/template/thesis.tex
LaTeX2e <2024-11-01> patch level 2
L3 programming layer <2025-01-18>

! LaTeX Error: File `kulemt.cls' not found.

Type X to quit or <RETURN> to proceed,
or enter new name. (Default extension: cls)

Enter file name: 
/Users/sdheerajkumar/Desktop/thesis/template/thesis.tex:2: Emergency stop.
<read *> 
         
l.2 \setup
          {% Remove the "%" on the next line when using UTF-8 character enco...
*** (cannot \read from terminal in nonstop modes)

 
Here is how much of TeX's memory you used:
 21 strings out of 473190
 550 string characters out of 5715800
 391984 words of memory out of 5000000
 23373 multiletter control sequences out of 15000+600000
 558837 words of font info for 36 fonts, out of 8000000 for 9000
 1141 hyphenation exceptions out of 8191
 19i,0n,29p,163b,17s stack positions out of 10000i,1000n,20000p,200000b,200000s
/Users/sdheerajkumar/Desktop/thesis/template/thesis.tex:2:  ==> Fatal error occurred, no output PDF file produced!
